F                                                                        [100%]
=================================== FAILURES ===================================
______________________ test_yield_curve_build_pca_shapes _______________________

    def test_yield_curve_build_pca_shapes():
        yc = load_next_csv("yield_curve_construction/data/DownloadedData.csv", parse_dates=["DATE"]).set_index("DATE")
        comps, scores, explained = pca_svd(yc.values, n_components=3)
        assert comps.shape[0] == 3
        assert scores.shape[0] == yc.shape[0]
>       assert len(explained) == 3
E       assert 8 == 3
E        +  where 8 = len(array([0.9524868 , 0.04397261, 0.00312241, 0.00037161, 0.00003895,\n       0.00000541, 0.00000139, 0.00000083]))

tests/test_signals_yc_build.py:9: AssertionError
----------------------------- Captured stderr call -----------------------------
2025-11-24 21:26:28.987 WARNING streamlit.runtime.caching.cache_data_api: No runtime found, using MemoryCacheStorageManager
=========================== short test summary info ============================
FAILED tests/test_signals_yc_build.py::test_yield_curve_build_pca_shapes - as...
1 failed in 2.51s
